########### array before sorts ###########
0	88.000000	80.000000	31.000000	80.000000	n
1	31.000000	80.000000	20.000000	69.000000	n
2	20.000000	69.000000	20.000000	16.000000	n
3	20.000000	16.000000	99.500000	16.000000	n
4	99.500000	16.000000	99.500000	69.250000	n
5	99.500000	69.250000	88.000000	80.000000	n
Tolerance=0.050000.
*Exact match for i=0 and j=1.
*i point 88.000000	80.000000	31.000000	80.000000	y
*Exact match for i=1 and j=2.
*i point 31.000000	80.000000	20.000000	69.000000	y
*Exact match for i=2 and j=3.
*i point 20.000000	69.000000	20.000000	16.000000	y
*Exact match for i=3 and j=4.
*i point 20.000000	16.000000	99.500000	16.000000	y
*Exact match for i=4 and j=5.
*i point 99.500000	16.000000	99.500000	69.250000	y
########### array after sorts ###########
0	88.000000	80.000000	31.000000	80.000000	y
1	31.000000	80.000000	20.000000	69.000000	y
2	20.000000	69.000000	20.000000	16.000000	y
3	20.000000	16.000000	99.500000	16.000000	y
4	99.500000	16.000000	99.500000	69.250000	y
5	99.500000	69.250000	88.000000	80.000000	y
***************
.BOARD_OUTLINE UNOWNED
1.6
0     88.000000     80.000000     0
0     31.000000     80.000000     0
0     20.000000     69.000000     0
0     20.000000     16.000000     0
0     99.500000     16.000000     0
0     99.500000     69.250000     0
0     88.000000     80.000000     0
